
**** Build of configuration Debug for project SWC ****

make all 
Building file: ../src/IO.cpp
Invoking: GCC C++ Compiler
g++ -O0 -g3 -Wall -c -fmessage-length=0 -MMD -MP -MF"src/IO.d" -MT"src/IO.d" -o "src/IO.o" "../src/IO.cpp"
Finished building: ../src/IO.cpp
 
Building file: ../src/SWC.cpp
Invoking: GCC C++ Compiler
g++ -O0 -g3 -Wall -c -fmessage-length=0 -MMD -MP -MF"src/SWC.d" -MT"src/SWC.d" -o "src/SWC.o" "../src/SWC.cpp"
Finished building: ../src/SWC.cpp
 
Building file: ../src/Storage.cpp
Invoking: GCC C++ Compiler
g++ -O0 -g3 -Wall -c -fmessage-length=0 -MMD -MP -MF"src/Storage.d" -MT"src/Storage.d" -o "src/Storage.o" "../src/Storage.cpp"
../src/Storage.cpp: In member function ‘void std::Storage::generateUrlHash(std::string)’:
../src/Storage.cpp:37:14: warning: variable ‘p’ set but not used [-Wunused-but-set-variable]
Finished building: ../src/Storage.cpp
 
Building target: SWC
Invoking: GCC C++ Linker
g++  -o "SWC"  ./src/Crawler.o ./src/Database.o ./src/IO.o ./src/Parser.o ./src/SWC.o ./src/Storage.o   
Finished building target: SWC
 

**** Build Finished ****
